
*** Running vivado
    with args -log top.vds -m64 -product Vivado -mode batch -messageDb vivado.pb -notrace -source top.tcl


****** Vivado v2023.2 (64-bit)
  **** SW Build 4029153 on Fri Oct 13 20:13:54 MDT 2023
  **** IP Build 4028589 on Sat Oct 14 00:45:43 MDT 2023
  **** SharedData Build 4025554 on Tue Oct 10 17:18:54 MDT 2023
    ** Copyright 1986-2022 Xilinx, Inc. All Rights Reserved.
    ** Copyright 2022-2023 Advanced Micro Devices, Inc. All Rights Reserved.

source top.tcl -notrace
create_project: Time (s): cpu = 00:00:12 ; elapsed = 00:00:12 . Memory (MB): peak = 1284.652 ; gain = 13.902 ; free physical = 2170 ; free virtual = 17354
Command: read_checkpoint -auto_incremental -incremental /home/jak_jan/subjects/ISP/lab5a/lab5a.srcs/utils_1/imports/synth_1/top.dcp
INFO: [Vivado 12-5825] Read reference checkpoint from /home/jak_jan/subjects/ISP/lab5a/lab5a.srcs/utils_1/imports/synth_1/top.dcp for incremental synthesis
INFO: [Vivado 12-7989] Please ensure there are no constraint changes
Command: synth_design -top top -part xc7a100tfgg676-1
Starting synth_design
Attempting to get a license for feature 'Synthesis' and/or device 'xc7a100t'
INFO: [Common 17-349] Got license for feature 'Synthesis' and/or device 'xc7a100t'
INFO: [Device 21-403] Loading part xc7a100tfgg676-1
INFO: [Designutils 20-5440] No compile time benefit to using incremental synthesis; A full resynthesis will be run
INFO: [Designutils 20-4379] Flow is switching to default flow due to incremental criteria not met. If you would like to alter this behaviour and have the flow terminate instead, please set the following parameter config_implementation {autoIncr.Synth.RejectBehavior Terminate}
INFO: [Synth 8-7079] Multithreading enabled for synth_design using a maximum of 4 processes.
INFO: [Synth 8-7078] Launching helper process for spawning children vivado processes
INFO: [Synth 8-7075] Helper process launched with PID 646468
---------------------------------------------------------------------------------
Starting RTL Elaboration : Time (s): cpu = 00:00:08 ; elapsed = 00:00:08 . Memory (MB): peak = 2038.375 ; gain = 404.715 ; free physical = 1154 ; free virtual = 16338
---------------------------------------------------------------------------------
INFO: [Synth 8-638] synthesizing module 'top' [/home/jak_jan/subjects/ISP/lab5a/lab5a.srcs/sources_1/new/top.vhd:13]
INFO: [Synth 8-3491] module 'rs232' declared at '/home/jak_jan/subjects/ISP/lab5a/lab5a.srcs/sources_1/new/rs232.vhd:5' bound to instance 'uart' of component 'rs232' [/home/jak_jan/subjects/ISP/lab5a/lab5a.srcs/sources_1/new/top.vhd:27]
INFO: [Synth 8-638] synthesizing module 'rs232' [/home/jak_jan/subjects/ISP/lab5a/lab5a.srcs/sources_1/new/rs232.vhd:18]
	Parameter CLKI_FREQ bound to: 50000000 - type: integer 
INFO: [Synth 8-256] done synthesizing module 'rs232' (0#1) [/home/jak_jan/subjects/ISP/lab5a/lab5a.srcs/sources_1/new/rs232.vhd:18]
INFO: [Synth 8-256] done synthesizing module 'top' (0#1) [/home/jak_jan/subjects/ISP/lab5a/lab5a.srcs/sources_1/new/top.vhd:13]
---------------------------------------------------------------------------------
Finished RTL Elaboration : Time (s): cpu = 00:00:10 ; elapsed = 00:00:10 . Memory (MB): peak = 2113.344 ; gain = 479.684 ; free physical = 1052 ; free virtual = 16242
---------------------------------------------------------------------------------
---------------------------------------------------------------------------------
Start Handling Custom Attributes
---------------------------------------------------------------------------------
---------------------------------------------------------------------------------
Finished Handling Custom Attributes : Time (s): cpu = 00:00:10 ; elapsed = 00:00:11 . Memory (MB): peak = 2131.156 ; gain = 497.496 ; free physical = 1051 ; free virtual = 16241
---------------------------------------------------------------------------------
---------------------------------------------------------------------------------
Finished RTL Optimization Phase 1 : Time (s): cpu = 00:00:10 ; elapsed = 00:00:11 . Memory (MB): peak = 2131.156 ; gain = 497.496 ; free physical = 1051 ; free virtual = 16241
---------------------------------------------------------------------------------
Netlist sorting complete. Time (s): cpu = 00:00:00 ; elapsed = 00:00:00 . Memory (MB): peak = 2131.156 ; gain = 0.000 ; free physical = 1051 ; free virtual = 16241
INFO: [Project 1-570] Preparing netlist for logic optimization

Processing XDC Constraints
Initializing timing engine
Parsing XDC File [/home/jak_jan/subjects/ISP/lab5a/lab5a.srcs/constrs_1/new/lab5a_constr.xdc]
WARNING: [Vivado 12-584] No ports matched 'led_1'. [/home/jak_jan/subjects/ISP/lab5a/lab5a.srcs/constrs_1/new/lab5a_constr.xdc:1]
CRITICAL WARNING: [Common 17-55] 'set_property' expects at least one object. [/home/jak_jan/subjects/ISP/lab5a/lab5a.srcs/constrs_1/new/lab5a_constr.xdc:1]
Resolution: If [get_<value>] was used to populate the object, check to make sure this command returns at least one valid object.
WARNING: [Vivado 12-584] No ports matched 'led_1'. [/home/jak_jan/subjects/ISP/lab5a/lab5a.srcs/constrs_1/new/lab5a_constr.xdc:2]
CRITICAL WARNING: [Common 17-55] 'set_property' expects at least one object. [/home/jak_jan/subjects/ISP/lab5a/lab5a.srcs/constrs_1/new/lab5a_constr.xdc:2]
Resolution: If [get_<value>] was used to populate the object, check to make sure this command returns at least one valid object.
WARNING: [Vivado 12-584] No ports matched 'led_2'. [/home/jak_jan/subjects/ISP/lab5a/lab5a.srcs/constrs_1/new/lab5a_constr.xdc:3]
CRITICAL WARNING: [Common 17-55] 'set_property' expects at least one object. [/home/jak_jan/subjects/ISP/lab5a/lab5a.srcs/constrs_1/new/lab5a_constr.xdc:3]
Resolution: If [get_<value>] was used to populate the object, check to make sure this command returns at least one valid object.
WARNING: [Vivado 12-584] No ports matched 'led_2'. [/home/jak_jan/subjects/ISP/lab5a/lab5a.srcs/constrs_1/new/lab5a_constr.xdc:4]
CRITICAL WARNING: [Common 17-55] 'set_property' expects at least one object. [/home/jak_jan/subjects/ISP/lab5a/lab5a.srcs/constrs_1/new/lab5a_constr.xdc:4]
Resolution: If [get_<value>] was used to populate the object, check to make sure this command returns at least one valid object.
Finished Parsing XDC File [/home/jak_jan/subjects/ISP/lab5a/lab5a.srcs/constrs_1/new/lab5a_constr.xdc]
INFO: [Project 1-236] Implementation specific constraints were found while reading constraint file [/home/jak_jan/subjects/ISP/lab5a/lab5a.srcs/constrs_1/new/lab5a_constr.xdc]. These constraints will be ignored for synthesis but will be used in implementation. Impacted constraints are listed in the file [.Xil/top_propImpl.xdc].
Resolution: To avoid this warning, move constraints listed in [.Xil/top_propImpl.xdc] to another XDC file and exclude this new file from synthesis with the used_in_synthesis property (File Properties dialog in GUI) and re-run elaboration/synthesis.
Completed Processing XDC Constraints

Netlist sorting complete. Time (s): cpu = 00:00:00 ; elapsed = 00:00:00 . Memory (MB): peak = 2268.906 ; gain = 0.000 ; free physical = 1026 ; free virtual = 16212
INFO: [Project 1-111] Unisim Transformation Summary:
No Unisim elements were transformed.

Constraint Validation Runtime : Time (s): cpu = 00:00:00 ; elapsed = 00:00:00.01 . Memory (MB): peak = 2268.941 ; gain = 0.000 ; free physical = 1026 ; free virtual = 16212
INFO: [Designutils 20-5440] No compile time benefit to using incremental synthesis; A full resynthesis will be run
INFO: [Designutils 20-4379] Flow is switching to default flow due to incremental criteria not met. If you would like to alter this behaviour and have the flow terminate instead, please set the following parameter config_implementation {autoIncr.Synth.RejectBehavior Terminate}
---------------------------------------------------------------------------------
Finished Constraint Validation : Time (s): cpu = 00:00:22 ; elapsed = 00:00:23 . Memory (MB): peak = 2268.941 ; gain = 635.281 ; free physical = 1024 ; free virtual = 16211
---------------------------------------------------------------------------------
---------------------------------------------------------------------------------
Start Loading Part and Timing Information
---------------------------------------------------------------------------------
Loading part: xc7a100tfgg676-1
---------------------------------------------------------------------------------
Finished Loading Part and Timing Information : Time (s): cpu = 00:00:22 ; elapsed = 00:00:23 . Memory (MB): peak = 2268.941 ; gain = 635.281 ; free physical = 1024 ; free virtual = 16211
---------------------------------------------------------------------------------
---------------------------------------------------------------------------------
Start Applying 'set_property' XDC Constraints
---------------------------------------------------------------------------------
---------------------------------------------------------------------------------
Finished applying 'set_property' XDC Constraints : Time (s): cpu = 00:00:22 ; elapsed = 00:00:23 . Memory (MB): peak = 2268.941 ; gain = 635.281 ; free physical = 1024 ; free virtual = 16211
---------------------------------------------------------------------------------
INFO: [Synth 8-802] inferred FSM for state register 'rx_state_reg' in module 'rs232'
---------------------------------------------------------------------------------------------------
                   State |                     New Encoding |                Previous Encoding 
---------------------------------------------------------------------------------------------------
       rx_wait_start_bit |                                0 |                               00
             rx_get_data |                                1 |                               01
---------------------------------------------------------------------------------------------------
INFO: [Synth 8-3354] encoded FSM with state register 'rx_state_reg' using encoding 'sequential' in module 'rs232'
---------------------------------------------------------------------------------
Finished RTL Optimization Phase 2 : Time (s): cpu = 00:00:22 ; elapsed = 00:00:23 . Memory (MB): peak = 2268.941 ; gain = 635.281 ; free physical = 1024 ; free virtual = 16217
---------------------------------------------------------------------------------
---------------------------------------------------------------------------------
Start RTL Component Statistics 
---------------------------------------------------------------------------------
Detailed RTL Component Info : 
+---Adders : 
	   2 Input    4 Bit       Adders := 1     
+---Registers : 
	               10 Bit    Registers := 1     
	                8 Bit    Registers := 1     
	                4 Bit    Registers := 1     
	                1 Bit    Registers := 3     
+---Muxes : 
	   2 Input   10 Bit        Muxes := 3     
	   2 Input    4 Bit        Muxes := 1     
	   2 Input    1 Bit        Muxes := 5     
---------------------------------------------------------------------------------
Finished RTL Component Statistics 
---------------------------------------------------------------------------------
---------------------------------------------------------------------------------
Start Part Resource Summary
---------------------------------------------------------------------------------
Part Resources:
DSPs: 240 (col length:80)
BRAMs: 270 (col length: RAMB18 80 RAMB36 40)
---------------------------------------------------------------------------------
Finished Part Resource Summary
---------------------------------------------------------------------------------
---------------------------------------------------------------------------------
Start Cross Boundary and Area Optimization
---------------------------------------------------------------------------------
WARNING: [Synth 8-7080] Parallel synthesis criteria is not met
WARNING: [Synth 8-3936] Found unconnected internal register 'uart/data_byte_o_reg' and it is trimmed from '8' to '6' bits. [/home/jak_jan/subjects/ISP/lab5a/lab5a.srcs/sources_1/new/rs232.vhd:51]
---------------------------------------------------------------------------------
Finished Cross Boundary and Area Optimization : Time (s): cpu = 00:00:24 ; elapsed = 00:00:25 . Memory (MB): peak = 2268.941 ; gain = 635.281 ; free physical = 1007 ; free virtual = 16203
---------------------------------------------------------------------------------
---------------------------------------------------------------------------------
Start Applying XDC Timing Constraints
---------------------------------------------------------------------------------
---------------------------------------------------------------------------------
Finished Applying XDC Timing Constraints : Time (s): cpu = 00:00:31 ; elapsed = 00:00:32 . Memory (MB): peak = 2268.941 ; gain = 635.281 ; free physical = 1009 ; free virtual = 16205
---------------------------------------------------------------------------------
---------------------------------------------------------------------------------
Start Timing Optimization
---------------------------------------------------------------------------------
---------------------------------------------------------------------------------
Finished Timing Optimization : Time (s): cpu = 00:00:31 ; elapsed = 00:00:32 . Memory (MB): peak = 2268.941 ; gain = 635.281 ; free physical = 1009 ; free virtual = 16205
---------------------------------------------------------------------------------
---------------------------------------------------------------------------------
Start Technology Mapping
---------------------------------------------------------------------------------
---------------------------------------------------------------------------------
Finished Technology Mapping : Time (s): cpu = 00:00:31 ; elapsed = 00:00:32 . Memory (MB): peak = 2268.941 ; gain = 635.281 ; free physical = 1009 ; free virtual = 16205
---------------------------------------------------------------------------------
---------------------------------------------------------------------------------
Start IO Insertion
---------------------------------------------------------------------------------
---------------------------------------------------------------------------------
Start Flattening Before IO Insertion
---------------------------------------------------------------------------------
---------------------------------------------------------------------------------
Finished Flattening Before IO Insertion
---------------------------------------------------------------------------------
---------------------------------------------------------------------------------
Start Final Netlist Cleanup
---------------------------------------------------------------------------------
---------------------------------------------------------------------------------
Finished Final Netlist Cleanup
---------------------------------------------------------------------------------
---------------------------------------------------------------------------------
Finished IO Insertion : Time (s): cpu = 00:00:40 ; elapsed = 00:00:40 . Memory (MB): peak = 2268.941 ; gain = 635.281 ; free physical = 995 ; free virtual = 16192
---------------------------------------------------------------------------------
---------------------------------------------------------------------------------
Start Renaming Generated Instances
---------------------------------------------------------------------------------
---------------------------------------------------------------------------------
Finished Renaming Generated Instances : Time (s): cpu = 00:00:40 ; elapsed = 00:00:40 . Memory (MB): peak = 2268.941 ; gain = 635.281 ; free physical = 995 ; free virtual = 16192
---------------------------------------------------------------------------------
---------------------------------------------------------------------------------
Start Rebuilding User Hierarchy
---------------------------------------------------------------------------------
---------------------------------------------------------------------------------
Finished Rebuilding User Hierarchy : Time (s): cpu = 00:00:40 ; elapsed = 00:00:40 . Memory (MB): peak = 2268.941 ; gain = 635.281 ; free physical = 995 ; free virtual = 16192
---------------------------------------------------------------------------------
---------------------------------------------------------------------------------
Start Renaming Generated Ports
---------------------------------------------------------------------------------
---------------------------------------------------------------------------------
Finished Renaming Generated Ports : Time (s): cpu = 00:00:40 ; elapsed = 00:00:40 . Memory (MB): peak = 2268.941 ; gain = 635.281 ; free physical = 995 ; free virtual = 16192
---------------------------------------------------------------------------------
---------------------------------------------------------------------------------
Start Handling Custom Attributes
---------------------------------------------------------------------------------
---------------------------------------------------------------------------------
Finished Handling Custom Attributes : Time (s): cpu = 00:00:40 ; elapsed = 00:00:40 . Memory (MB): peak = 2268.941 ; gain = 635.281 ; free physical = 995 ; free virtual = 16192
---------------------------------------------------------------------------------
---------------------------------------------------------------------------------
Start Renaming Generated Nets
---------------------------------------------------------------------------------
---------------------------------------------------------------------------------
Finished Renaming Generated Nets : Time (s): cpu = 00:00:40 ; elapsed = 00:00:40 . Memory (MB): peak = 2268.941 ; gain = 635.281 ; free physical = 995 ; free virtual = 16192
---------------------------------------------------------------------------------
---------------------------------------------------------------------------------
Start Writing Synthesis Report
---------------------------------------------------------------------------------

Report BlackBoxes: 
+-+--------------+----------+
| |BlackBox name |Instances |
+-+--------------+----------+
+-+--------------+----------+

Report Cell Usage: 
+------+-------+------+
|      |Cell   |Count |
+------+-------+------+
|1     |BUFG   |     1|
|2     |CARRY4 |     4|
|3     |LUT2   |     4|
|4     |LUT3   |     7|
|5     |LUT4   |     8|
|6     |LUT5   |     1|
|7     |LUT6   |    18|
|8     |FDCE   |    20|
|9     |FDPE   |     5|
|10    |FDRE   |     8|
|11    |IBUF   |     3|
|12    |OBUF   |     6|
+------+-------+------+
---------------------------------------------------------------------------------
Finished Writing Synthesis Report : Time (s): cpu = 00:00:40 ; elapsed = 00:00:40 . Memory (MB): peak = 2268.941 ; gain = 635.281 ; free physical = 995 ; free virtual = 16192
---------------------------------------------------------------------------------
Synthesis finished with 0 errors, 0 critical warnings and 2 warnings.
Synthesis Optimization Runtime : Time (s): cpu = 00:00:37 ; elapsed = 00:00:38 . Memory (MB): peak = 2268.941 ; gain = 497.496 ; free physical = 995 ; free virtual = 16192
Synthesis Optimization Complete : Time (s): cpu = 00:00:40 ; elapsed = 00:00:40 . Memory (MB): peak = 2268.941 ; gain = 635.281 ; free physical = 995 ; free virtual = 16192
INFO: [Project 1-571] Translating synthesized netlist
Netlist sorting complete. Time (s): cpu = 00:00:00 ; elapsed = 00:00:00 . Memory (MB): peak = 2268.941 ; gain = 0.000 ; free physical = 996 ; free virtual = 16193
INFO: [Netlist 29-17] Analyzing 4 Unisim elements for replacement
INFO: [Netlist 29-28] Unisim Transformation completed in 0 CPU seconds
INFO: [Project 1-570] Preparing netlist for logic optimization
INFO: [Opt 31-138] Pushed 0 inverter(s) to 0 load pin(s).
Netlist sorting complete. Time (s): cpu = 00:00:00 ; elapsed = 00:00:00 . Memory (MB): peak = 2268.941 ; gain = 0.000 ; free physical = 1280 ; free virtual = 16476
INFO: [Project 1-111] Unisim Transformation Summary:
No Unisim elements were transformed.

Synth Design complete | Checksum: fcfcc2d9
INFO: [Common 17-83] Releasing license: Synthesis
28 Infos, 6 Warnings, 4 Critical Warnings and 0 Errors encountered.
synth_design completed successfully
synth_design: Time (s): cpu = 00:00:51 ; elapsed = 00:00:47 . Memory (MB): peak = 2268.941 ; gain = 977.320 ; free physical = 1288 ; free virtual = 16484
INFO: [Common 17-2834] synth_design peak Physical Memory [PSS] (MB): overall = 1834.561; main = 1497.819; forked = 387.657
INFO: [Common 17-2834] synth_design peak Virtual Memory [VSS] (MB): overall = 3234.797; main = 2268.910; forked = 997.902
INFO: [runtcl-6] Synthesis results are not added to the cache due to CRITICAL_WARNING
Write ShapeDB Complete: Time (s): cpu = 00:00:00 ; elapsed = 00:00:00 . Memory (MB): peak = 2292.918 ; gain = 0.000 ; free physical = 1323 ; free virtual = 16520
INFO: [Common 17-1381] The checkpoint '/home/jak_jan/subjects/ISP/lab5a/lab5a.runs/synth_1/top.dcp' has been generated.
INFO: [runtcl-4] Executing : report_utilization -file top_utilization_synth.rpt -pb top_utilization_synth.pb
INFO: [Common 17-206] Exiting Vivado at Mon Apr 20 01:13:21 2026...
