Copyright 1986-2022 Xilinx, Inc. All Rights Reserved. Copyright 2022-2023 Advanced Micro Devices, Inc. All Rights Reserved.
------------------------------------------------------------------------------------------------------------------------------------------------------------------------------------------------------
| Tool Version : Vivado v.2023.2 (lin64) Build 4029153 Fri Oct 13 20:13:54 MDT 2023
| Date         : Mon Apr 20 01:17:28 2026
| Host         : TwinkPad running 64-bit Linux Mint 22.3
| Command      : report_timing_summary -max_paths 10 -report_unconstrained -file top_timing_summary_routed.rpt -pb top_timing_summary_routed.pb -rpx top_timing_summary_routed.rpx -warn_on_violation
| Design       : top
| Device       : 7a100t-fgg676
| Speed File   : -1  PRODUCTION 1.23 2018-06-13
| Design State : Routed
------------------------------------------------------------------------------------------------------------------------------------------------------------------------------------------------------

Timing Summary Report

------------------------------------------------------------------------------------------------
| Timer Settings
| --------------
------------------------------------------------------------------------------------------------

  Enable Multi Corner Analysis               :  Yes
  Enable Pessimism Removal                   :  Yes
  Pessimism Removal Resolution               :  Nearest Common Node
  Enable Input Delay Default Clock           :  No
  Enable Preset / Clear Arcs                 :  No
  Disable Flight Delays                      :  No
  Ignore I/O Paths                           :  No
  Timing Early Launch at Borrowing Latches   :  No
  Borrow Time for Max Delay Exceptions       :  Yes
  Merge Timing Exceptions                    :  Yes
  Inter-SLR Compensation                     :  Conservative

  Corner  Analyze    Analyze    
  Name    Max Paths  Min Paths  
  ------  ---------  ---------  
  Slow    Yes        Yes        
  Fast    Yes        Yes        


------------------------------------------------------------------------------------------------
| Report Methodology
| ------------------
------------------------------------------------------------------------------------------------

Rule       Severity          Description                   Violations  
---------  ----------------  ----------------------------  ----------  
TIMING-17  Critical Warning  Non-clocked sequential cell   33          
LUTAR-1    Warning           LUT drives async reset alert  1           

Note: This report is based on the most recent report_methodology run and may not be up-to-date. Run report_methodology on the current design for the latest report.



check_timing report

Table of Contents
-----------------
1. checking no_clock (33)
2. checking constant_clock (0)
3. checking pulse_width_clock (0)
4. checking unconstrained_internal_endpoints (68)
5. checking no_input_delay (2)
6. checking no_output_delay (6)
7. checking multiple_clock (0)
8. checking generated_clocks (0)
9. checking loops (0)
10. checking partial_input_delay (0)
11. checking partial_output_delay (0)
12. checking latch_loops (0)

1. checking no_clock (33)
-------------------------
 There are 33 register/latch pins with no clock driven by root clock pin: clk_i (HIGH)


2. checking constant_clock (0)
------------------------------
 There are 0 register/latch pins with constant_clock.


3. checking pulse_width_clock (0)
---------------------------------
 There are 0 register/latch pins which need pulse_width check


4. checking unconstrained_internal_endpoints (68)
-------------------------------------------------
 There are 68 pins that are not constrained for maximum delay. (HIGH)

 There are 0 pins that are not constrained for maximum delay due to constant clock.


5. checking no_input_delay (2)
------------------------------
 There are 2 input ports with no input delay specified. (HIGH)

 There are 0 input ports with no input delay but user has a false path constraint.


6. checking no_output_delay (6)
-------------------------------
 There are 6 ports with no output delay specified. (HIGH)

 There are 0 ports with no output delay but user has a false path constraint

 There are 0 ports with no output delay but with a timing clock defined on it or propagating through it


7. checking multiple_clock (0)
------------------------------
 There are 0 register/latch pins with multiple clocks.


8. checking generated_clocks (0)
--------------------------------
 There are 0 generated clocks that are not connected to a clock source.


9. checking loops (0)
---------------------
 There are 0 combinational loops in the design.


10. checking partial_input_delay (0)
------------------------------------
 There are 0 input ports with partial input delay specified.


11. checking partial_output_delay (0)
-------------------------------------
 There are 0 ports with partial output delay specified.


12. checking latch_loops (0)
----------------------------
 There are 0 combinational latch loops in the design through latch input



------------------------------------------------------------------------------------------------
| Design Timing Summary
| ---------------------
------------------------------------------------------------------------------------------------

    WNS(ns)      TNS(ns)  TNS Failing Endpoints  TNS Total Endpoints      WHS(ns)      THS(ns)  THS Failing Endpoints  THS Total Endpoints     WPWS(ns)     TPWS(ns)  TPWS Failing Endpoints  TPWS Total Endpoints  
    -------      -------  ---------------------  -------------------      -------      -------  ---------------------  -------------------     --------     --------  ----------------------  --------------------  
        inf        0.000                      0                   74          inf        0.000                      0                   74           NA           NA                      NA                    NA  


There are no user specified timing constraints.


------------------------------------------------------------------------------------------------
| Clock Summary
| -------------
------------------------------------------------------------------------------------------------


------------------------------------------------------------------------------------------------
| Intra Clock Table
| -----------------
------------------------------------------------------------------------------------------------

Clock             WNS(ns)      TNS(ns)  TNS Failing Endpoints  TNS Total Endpoints      WHS(ns)      THS(ns)  THS Failing Endpoints  THS Total Endpoints     WPWS(ns)     TPWS(ns)  TPWS Failing Endpoints  TPWS Total Endpoints  
-----             -------      -------  ---------------------  -------------------      -------      -------  ---------------------  -------------------     --------     --------  ----------------------  --------------------  


------------------------------------------------------------------------------------------------
| Inter Clock Table
| -----------------
------------------------------------------------------------------------------------------------

From Clock    To Clock          WNS(ns)      TNS(ns)  TNS Failing Endpoints  TNS Total Endpoints      WHS(ns)      THS(ns)  THS Failing Endpoints  THS Total Endpoints  
----------    --------          -------      -------  ---------------------  -------------------      -------      -------  ---------------------  -------------------  


------------------------------------------------------------------------------------------------
| Other Path Groups Table
| -----------------------
------------------------------------------------------------------------------------------------

Path Group    From Clock    To Clock          WNS(ns)      TNS(ns)  TNS Failing Endpoints  TNS Total Endpoints      WHS(ns)      THS(ns)  THS Failing Endpoints  THS Total Endpoints  
----------    ----------    --------          -------      -------  ---------------------  -------------------      -------      -------  ---------------------  -------------------  


------------------------------------------------------------------------------------------------
| User Ignored Path Table
| -----------------------
------------------------------------------------------------------------------------------------

Path Group    From Clock    To Clock    
----------    ----------    --------    


------------------------------------------------------------------------------------------------
| Unconstrained Path Table
| ------------------------
------------------------------------------------------------------------------------------------

Path Group    From Clock    To Clock    
----------    ----------    --------    
(none)                                    


------------------------------------------------------------------------------------------------
| Timing Details
| --------------
------------------------------------------------------------------------------------------------


--------------------------------------------------------------------------------------
Path Group:  (none)
From Clock:  
  To Clock:  

Max Delay            74 Endpoints
Min Delay            74 Endpoints
--------------------------------------------------------------------------------------


Max Delay Paths
--------------------------------------------------------------------------------------
Slack:                    inf
  Source:                 uart/data_byte_o_reg[2]/C
                            (rising edge-triggered cell FDRE)
  Destination:            led7_seg_o[2]
                            (output port)
  Path Group:             (none)
  Path Type:              Max at Slow Process Corner
  Data Path Delay:        6.128ns  (logic 4.012ns (65.471%)  route 2.116ns (34.529%))
  Logic Levels:           2  (FDRE=1 OBUF=1)

    Location             Delay type                Incr(ns)  Path(ns)    Netlist Resource(s)
  -------------------------------------------------------------------    -------------------
    SLICE_X89Y75         FDRE                         0.000     0.000 r  uart/data_byte_o_reg[2]/C
    SLICE_X89Y75         FDRE (Prop_fdre_C_Q)         0.456     0.456 r  uart/data_byte_o_reg[2]/Q
                         net (fo=1, routed)           2.116     2.572    led7_seg_o_OBUF[2]
    P6                   OBUF (Prop_obuf_I_O)         3.556     6.128 r  led7_seg_o_OBUF[2]_inst/O
                         net (fo=0)                   0.000     6.128    led7_seg_o[2]
    P6                                                                r  led7_seg_o[2] (OUT)
  -------------------------------------------------------------------    -------------------

Slack:                    inf
  Source:                 uart/data_byte_o_reg[5]/C
                            (rising edge-triggered cell FDRE)
  Destination:            led7_seg_o[5]
                            (output port)
  Path Group:             (none)
  Path Type:              Max at Slow Process Corner
  Data Path Delay:        6.017ns  (logic 4.103ns (68.192%)  route 1.914ns (31.808%))
  Logic Levels:           2  (FDRE=1 OBUF=1)

    Location             Delay type                Incr(ns)  Path(ns)    Netlist Resource(s)
  -------------------------------------------------------------------    -------------------
    SLICE_X88Y76         FDRE                         0.000     0.000 r  uart/data_byte_o_reg[5]/C
    SLICE_X88Y76         FDRE (Prop_fdre_C_Q)         0.518     0.518 r  uart/data_byte_o_reg[5]/Q
                         net (fo=1, routed)           1.914     2.432    led7_seg_o_OBUF[5]
    K1                   OBUF (Prop_obuf_I_O)         3.585     6.017 r  led7_seg_o_OBUF[5]_inst/O
                         net (fo=0)                   0.000     6.017    led7_seg_o[5]
    K1                                                                r  led7_seg_o[5] (OUT)
  -------------------------------------------------------------------    -------------------

Slack:                    inf
  Source:                 uart/data_byte_o_reg[0]/C
                            (rising edge-triggered cell FDRE)
  Destination:            led7_seg_o[0]
                            (output port)
  Path Group:             (none)
  Path Type:              Max at Slow Process Corner
  Data Path Delay:        5.993ns  (logic 4.094ns (68.320%)  route 1.899ns (31.680%))
  Logic Levels:           2  (FDRE=1 OBUF=1)

    Location             Delay type                Incr(ns)  Path(ns)    Netlist Resource(s)
  -------------------------------------------------------------------    -------------------
    SLICE_X88Y76         FDRE                         0.000     0.000 r  uart/data_byte_o_reg[0]/C
    SLICE_X88Y76         FDRE (Prop_fdre_C_Q)         0.518     0.518 r  uart/data_byte_o_reg[0]/Q
                         net (fo=1, routed)           1.899     2.417    led7_seg_o_OBUF[0]
    R1                   OBUF (Prop_obuf_I_O)         3.576     5.993 r  led7_seg_o_OBUF[0]_inst/O
                         net (fo=0)                   0.000     5.993    led7_seg_o[0]
    R1                                                                r  led7_seg_o[0] (OUT)
  -------------------------------------------------------------------    -------------------

Slack:                    inf
  Source:                 uart/data_byte_o_reg[3]/C
                            (rising edge-triggered cell FDRE)
  Destination:            led7_seg_o[3]
                            (output port)
  Path Group:             (none)
  Path Type:              Max at Slow Process Corner
  Data Path Delay:        5.945ns  (logic 4.015ns (67.523%)  route 1.931ns (32.477%))
  Logic Levels:           2  (FDRE=1 OBUF=1)

    Location             Delay type                Incr(ns)  Path(ns)    Netlist Resource(s)
  -------------------------------------------------------------------    -------------------
    SLICE_X86Y75         FDRE                         0.000     0.000 r  uart/data_byte_o_reg[3]/C
    SLICE_X86Y75         FDRE (Prop_fdre_C_Q)         0.456     0.456 r  uart/data_byte_o_reg[3]/Q
                         net (fo=1, routed)           1.931     2.387    led7_seg_o_OBUF[3]
    T4                   OBUF (Prop_obuf_I_O)         3.559     5.945 r  led7_seg_o_OBUF[3]_inst/O
                         net (fo=0)                   0.000     5.945    led7_seg_o[3]
    T4                                                                r  led7_seg_o[3] (OUT)
  -------------------------------------------------------------------    -------------------

Slack:                    inf
  Source:                 uart/data_byte_o_reg[1]/C
                            (rising edge-triggered cell FDRE)
  Destination:            led7_seg_o[1]
                            (output port)
  Path Group:             (none)
  Path Type:              Max at Slow Process Corner
  Data Path Delay:        5.816ns  (logic 4.095ns (70.407%)  route 1.721ns (29.593%))
  Logic Levels:           2  (FDRE=1 OBUF=1)

    Location             Delay type                Incr(ns)  Path(ns)    Netlist Resource(s)
  -------------------------------------------------------------------    -------------------
    SLICE_X88Y76         FDRE                         0.000     0.000 r  uart/data_byte_o_reg[1]/C
    SLICE_X88Y76         FDRE (Prop_fdre_C_Q)         0.518     0.518 r  uart/data_byte_o_reg[1]/Q
                         net (fo=1, routed)           1.721     2.239    led7_seg_o_OBUF[1]
    N1                   OBUF (Prop_obuf_I_O)         3.577     5.816 r  led7_seg_o_OBUF[1]_inst/O
                         net (fo=0)                   0.000     5.816    led7_seg_o[1]
    N1                                                                r  led7_seg_o[1] (OUT)
  -------------------------------------------------------------------    -------------------

Slack:                    inf
  Source:                 uart/data_byte_o_reg[4]/C
                            (rising edge-triggered cell FDRE)
  Destination:            led7_seg_o[4]
                            (output port)
  Path Group:             (none)
  Path Type:              Max at Slow Process Corner
  Data Path Delay:        5.722ns  (logic 4.016ns (70.191%)  route 1.706ns (29.809%))
  Logic Levels:           2  (FDRE=1 OBUF=1)

    Location             Delay type                Incr(ns)  Path(ns)    Netlist Resource(s)
  -------------------------------------------------------------------    -------------------
    SLICE_X86Y75         FDRE                         0.000     0.000 r  uart/data_byte_o_reg[4]/C
    SLICE_X86Y75         FDRE (Prop_fdre_C_Q)         0.456     0.456 r  uart/data_byte_o_reg[4]/Q
                         net (fo=1, routed)           1.706     2.162    led7_seg_o_OBUF[4]
    R3                   OBUF (Prop_obuf_I_O)         3.560     5.722 r  led7_seg_o_OBUF[4]_inst/O
                         net (fo=0)                   0.000     5.722    led7_seg_o[4]
    R3                                                                r  led7_seg_o[4] (OUT)
  -------------------------------------------------------------------    -------------------

Slack:                    inf
  Source:                 rst_i
                            (input port)
  Destination:            uart/rx_clk_div_counter_reg[0]/CLR
  Path Group:             (none)
  Path Type:              Max at Slow Process Corner
  Data Path Delay:        3.848ns  (logic 1.642ns (42.671%)  route 2.206ns (57.329%))
  Logic Levels:           2  (IBUF=1 LUT2=1)

    Location             Delay type                Incr(ns)  Path(ns)    Netlist Resource(s)
  -------------------------------------------------------------------    -------------------
    P4                                                0.000     0.000 f  rst_i (IN)
                         net (fo=0)                   0.000     0.000    rst_i
    P4                   IBUF (Prop_ibuf_I_O)         1.518     1.518 f  rst_i_IBUF_inst/O
                         net (fo=13, routed)          1.507     3.025    uart/rst_i_IBUF
    SLICE_X87Y75         LUT2 (Prop_lut2_I0_O)        0.124     3.149 f  uart/rx_clk_en_i_2/O
                         net (fo=14, routed)          0.699     3.848    uart/rx_clk_en_i_2_n_0
    SLICE_X86Y71         FDCE                                         f  uart/rx_clk_div_counter_reg[0]/CLR
  -------------------------------------------------------------------    -------------------

Slack:                    inf
  Source:                 rst_i
                            (input port)
  Destination:            uart/rx_clk_div_counter_reg[1]/CLR
  Path Group:             (none)
  Path Type:              Max at Slow Process Corner
  Data Path Delay:        3.848ns  (logic 1.642ns (42.671%)  route 2.206ns (57.329%))
  Logic Levels:           2  (IBUF=1 LUT2=1)

    Location             Delay type                Incr(ns)  Path(ns)    Netlist Resource(s)
  -------------------------------------------------------------------    -------------------
    P4                                                0.000     0.000 f  rst_i (IN)
                         net (fo=0)                   0.000     0.000    rst_i
    P4                   IBUF (Prop_ibuf_I_O)         1.518     1.518 f  rst_i_IBUF_inst/O
                         net (fo=13, routed)          1.507     3.025    uart/rst_i_IBUF
    SLICE_X87Y75         LUT2 (Prop_lut2_I0_O)        0.124     3.149 f  uart/rx_clk_en_i_2/O
                         net (fo=14, routed)          0.699     3.848    uart/rx_clk_en_i_2_n_0
    SLICE_X86Y71         FDCE                                         f  uart/rx_clk_div_counter_reg[1]/CLR
  -------------------------------------------------------------------    -------------------

Slack:                    inf
  Source:                 rst_i
                            (input port)
  Destination:            uart/rx_clk_div_counter_reg[2]/PRE
  Path Group:             (none)
  Path Type:              Max at Slow Process Corner
  Data Path Delay:        3.848ns  (logic 1.642ns (42.671%)  route 2.206ns (57.329%))
  Logic Levels:           2  (IBUF=1 LUT2=1)

    Location             Delay type                Incr(ns)  Path(ns)    Netlist Resource(s)
  -------------------------------------------------------------------    -------------------
    P4                                                0.000     0.000 f  rst_i (IN)
                         net (fo=0)                   0.000     0.000    rst_i
    P4                   IBUF (Prop_ibuf_I_O)         1.518     1.518 f  rst_i_IBUF_inst/O
                         net (fo=13, routed)          1.507     3.025    uart/rst_i_IBUF
    SLICE_X87Y75         LUT2 (Prop_lut2_I0_O)        0.124     3.149 f  uart/rx_clk_en_i_2/O
                         net (fo=14, routed)          0.699     3.848    uart/rx_clk_en_i_2_n_0
    SLICE_X86Y71         FDPE                                         f  uart/rx_clk_div_counter_reg[2]/PRE
  -------------------------------------------------------------------    -------------------

Slack:                    inf
  Source:                 rst_i
                            (input port)
  Destination:            uart/rx_clk_div_counter_reg[3]/PRE
  Path Group:             (none)
  Path Type:              Max at Slow Process Corner
  Data Path Delay:        3.848ns  (logic 1.642ns (42.671%)  route 2.206ns (57.329%))
  Logic Levels:           2  (IBUF=1 LUT2=1)

    Location             Delay type                Incr(ns)  Path(ns)    Netlist Resource(s)
  -------------------------------------------------------------------    -------------------
    P4                                                0.000     0.000 f  rst_i (IN)
                         net (fo=0)                   0.000     0.000    rst_i
    P4                   IBUF (Prop_ibuf_I_O)         1.518     1.518 f  rst_i_IBUF_inst/O
                         net (fo=13, routed)          1.507     3.025    uart/rst_i_IBUF
    SLICE_X87Y75         LUT2 (Prop_lut2_I0_O)        0.124     3.149 f  uart/rx_clk_en_i_2/O
                         net (fo=14, routed)          0.699     3.848    uart/rx_clk_en_i_2_n_0
    SLICE_X86Y71         FDPE                                         f  uart/rx_clk_div_counter_reg[3]/PRE
  -------------------------------------------------------------------    -------------------





Min Delay Paths
--------------------------------------------------------------------------------------
Slack:                    inf
  Source:                 uart/rx_data_buf_reg[1]/C
                            (rising edge-triggered cell FDCE)
  Destination:            uart/data_byte_o_reg[0]/D
  Path Group:             (none)
  Path Type:              Min at Fast Process Corner
  Data Path Delay:        0.269ns  (logic 0.141ns (52.485%)  route 0.128ns (47.515%))
  Logic Levels:           1  (FDCE=1)

    Location             Delay type                Incr(ns)  Path(ns)    Netlist Resource(s)
  -------------------------------------------------------------------    -------------------
    SLICE_X89Y76         FDCE                         0.000     0.000 r  uart/rx_data_buf_reg[1]/C
    SLICE_X89Y76         FDCE (Prop_fdce_C_Q)         0.141     0.141 r  uart/rx_data_buf_reg[1]/Q
                         net (fo=2, routed)           0.128     0.269    uart/p_0_in[0]
    SLICE_X88Y76         FDRE                                         r  uart/data_byte_o_reg[0]/D
  -------------------------------------------------------------------    -------------------

Slack:                    inf
  Source:                 uart/rx_clk_div_counter_reg[12]/C
                            (rising edge-triggered cell FDCE)
  Destination:            uart/rx_clk_en_reg/D
  Path Group:             (none)
  Path Type:              Min at Fast Process Corner
  Data Path Delay:        0.295ns  (logic 0.186ns (63.068%)  route 0.109ns (36.932%))
  Logic Levels:           2  (FDCE=1 LUT6=1)

    Location             Delay type                Incr(ns)  Path(ns)    Netlist Resource(s)
  -------------------------------------------------------------------    -------------------
    SLICE_X86Y74         FDCE                         0.000     0.000 r  uart/rx_clk_div_counter_reg[12]/C
    SLICE_X86Y74         FDCE (Prop_fdce_C_Q)         0.141     0.141 r  uart/rx_clk_div_counter_reg[12]/Q
                         net (fo=15, routed)          0.109     0.250    uart/rx_clk_div_counter_reg[12]
    SLICE_X87Y74         LUT6 (Prop_lut6_I0_O)        0.045     0.295 r  uart/rx_clk_en_i_1/O
                         net (fo=1, routed)           0.000     0.295    uart/load
    SLICE_X87Y74         FDCE                                         r  uart/rx_clk_en_reg/D
  -------------------------------------------------------------------    -------------------

Slack:                    inf
  Source:                 uart/rx_data_buf_reg[6]/C
                            (rising edge-triggered cell FDCE)
  Destination:            uart/data_byte_o_reg[5]/D
  Path Group:             (none)
  Path Type:              Min at Fast Process Corner
  Data Path Delay:        0.297ns  (logic 0.128ns (43.077%)  route 0.169ns (56.923%))
  Logic Levels:           1  (FDCE=1)

    Location             Delay type                Incr(ns)  Path(ns)    Netlist Resource(s)
  -------------------------------------------------------------------    -------------------
    SLICE_X86Y76         FDCE                         0.000     0.000 r  uart/rx_data_buf_reg[6]/C
    SLICE_X86Y76         FDCE (Prop_fdce_C_Q)         0.128     0.128 r  uart/rx_data_buf_reg[6]/Q
                         net (fo=2, routed)           0.169     0.297    uart/p_0_in[5]
    SLICE_X88Y76         FDRE                                         r  uart/data_byte_o_reg[5]/D
  -------------------------------------------------------------------    -------------------

Slack:                    inf
  Source:                 uart/rx_data_buf_reg[3]/C
                            (rising edge-triggered cell FDCE)
  Destination:            uart/data_byte_o_reg[2]/D
  Path Group:             (none)
  Path Type:              Min at Fast Process Corner
  Data Path Delay:        0.309ns  (logic 0.141ns (45.659%)  route 0.168ns (54.341%))
  Logic Levels:           1  (FDCE=1)

    Location             Delay type                Incr(ns)  Path(ns)    Netlist Resource(s)
  -------------------------------------------------------------------    -------------------
    SLICE_X86Y76         FDCE                         0.000     0.000 r  uart/rx_data_buf_reg[3]/C
    SLICE_X86Y76         FDCE (Prop_fdce_C_Q)         0.141     0.141 r  uart/rx_data_buf_reg[3]/Q
                         net (fo=2, routed)           0.168     0.309    uart/p_0_in[2]
    SLICE_X89Y75         FDRE                                         r  uart/data_byte_o_reg[2]/D
  -------------------------------------------------------------------    -------------------

Slack:                    inf
  Source:                 uart/rx_data_buf_reg[5]/C
                            (rising edge-triggered cell FDCE)
  Destination:            uart/data_byte_o_reg[4]/D
  Path Group:             (none)
  Path Type:              Min at Fast Process Corner
  Data Path Delay:        0.322ns  (logic 0.141ns (43.820%)  route 0.181ns (56.180%))
  Logic Levels:           1  (FDCE=1)

    Location             Delay type                Incr(ns)  Path(ns)    Netlist Resource(s)
  -------------------------------------------------------------------    -------------------
    SLICE_X86Y76         FDCE                         0.000     0.000 r  uart/rx_data_buf_reg[5]/C
    SLICE_X86Y76         FDCE (Prop_fdce_C_Q)         0.141     0.141 r  uart/rx_data_buf_reg[5]/Q
                         net (fo=2, routed)           0.181     0.322    uart/p_0_in[4]
    SLICE_X86Y75         FDRE                                         r  uart/data_byte_o_reg[4]/D
  -------------------------------------------------------------------    -------------------

Slack:                    inf
  Source:                 uart/rx_data_buf_reg[4]/C
                            (rising edge-triggered cell FDCE)
  Destination:            uart/data_byte_o_reg[3]/D
  Path Group:             (none)
  Path Type:              Min at Fast Process Corner
  Data Path Delay:        0.323ns  (logic 0.128ns (39.680%)  route 0.195ns (60.320%))
  Logic Levels:           1  (FDCE=1)

    Location             Delay type                Incr(ns)  Path(ns)    Netlist Resource(s)
  -------------------------------------------------------------------    -------------------
    SLICE_X86Y76         FDCE                         0.000     0.000 r  uart/rx_data_buf_reg[4]/C
    SLICE_X86Y76         FDCE (Prop_fdce_C_Q)         0.128     0.128 r  uart/rx_data_buf_reg[4]/Q
                         net (fo=2, routed)           0.195     0.323    uart/p_0_in[3]
    SLICE_X86Y75         FDRE                                         r  uart/data_byte_o_reg[3]/D
  -------------------------------------------------------------------    -------------------

Slack:                    inf
  Source:                 uart/rx_data_buf_reg[2]/C
                            (rising edge-triggered cell FDCE)
  Destination:            uart/data_byte_o_reg[1]/D
  Path Group:             (none)
  Path Type:              Min at Fast Process Corner
  Data Path Delay:        0.330ns  (logic 0.128ns (38.829%)  route 0.202ns (61.171%))
  Logic Levels:           1  (FDCE=1)

    Location             Delay type                Incr(ns)  Path(ns)    Netlist Resource(s)
  -------------------------------------------------------------------    -------------------
    SLICE_X89Y76         FDCE                         0.000     0.000 r  uart/rx_data_buf_reg[2]/C
    SLICE_X89Y76         FDCE (Prop_fdce_C_Q)         0.128     0.128 r  uart/rx_data_buf_reg[2]/Q
                         net (fo=2, routed)           0.202     0.330    uart/p_0_in[1]
    SLICE_X88Y76         FDRE                                         r  uart/data_byte_o_reg[1]/D
  -------------------------------------------------------------------    -------------------

Slack:                    inf
  Source:                 uart/rx_bit_counter_reg[0]/C
                            (rising edge-triggered cell FDCE)
  Destination:            uart/rx_bit_counter_reg[1]/D
  Path Group:             (none)
  Path Type:              Min at Fast Process Corner
  Data Path Delay:        0.370ns  (logic 0.209ns (56.499%)  route 0.161ns (43.501%))
  Logic Levels:           2  (FDCE=1 LUT3=1)

    Location             Delay type                Incr(ns)  Path(ns)    Netlist Resource(s)
  -------------------------------------------------------------------    -------------------
    SLICE_X88Y75         FDCE                         0.000     0.000 r  uart/rx_bit_counter_reg[0]/C
    SLICE_X88Y75         FDCE (Prop_fdce_C_Q)         0.164     0.164 r  uart/rx_bit_counter_reg[0]/Q
                         net (fo=11, routed)          0.161     0.325    uart/rx_bit_counter_reg[0]
    SLICE_X88Y75         LUT3 (Prop_lut3_I1_O)        0.045     0.370 r  uart/rx_bit_counter[1]_i_1/O
                         net (fo=1, routed)           0.000     0.370    uart/rx_bit_counter[1]_i_1_n_0
    SLICE_X88Y75         FDCE                                         r  uart/rx_bit_counter_reg[1]/D
  -------------------------------------------------------------------    -------------------

Slack:                    inf
  Source:                 uart/rx_data_buf_reg[1]/C
                            (rising edge-triggered cell FDCE)
  Destination:            uart/rx_data_buf_reg[1]/D
  Path Group:             (none)
  Path Type:              Min at Fast Process Corner
  Data Path Delay:        0.393ns  (logic 0.186ns (47.371%)  route 0.207ns (52.629%))
  Logic Levels:           2  (FDCE=1 LUT3=1)

    Location             Delay type                Incr(ns)  Path(ns)    Netlist Resource(s)
  -------------------------------------------------------------------    -------------------
    SLICE_X89Y76         FDCE                         0.000     0.000 r  uart/rx_data_buf_reg[1]/C
    SLICE_X89Y76         FDCE (Prop_fdce_C_Q)         0.141     0.141 r  uart/rx_data_buf_reg[1]/Q
                         net (fo=2, routed)           0.207     0.348    uart/p_0_in[0]
    SLICE_X89Y76         LUT3 (Prop_lut3_I2_O)        0.045     0.393 r  uart/rx_data_buf[1]_i_1/O
                         net (fo=1, routed)           0.000     0.393    uart/rx_data_buf[1]_i_1_n_0
    SLICE_X89Y76         FDCE                                         r  uart/rx_data_buf_reg[1]/D
  -------------------------------------------------------------------    -------------------

Slack:                    inf
  Source:                 uart/rx_clk_div_counter_reg[10]/C
                            (rising edge-triggered cell FDCE)
  Destination:            uart/rx_clk_div_counter_reg[12]/D
  Path Group:             (none)
  Path Type:              Min at Fast Process Corner
  Data Path Delay:        0.405ns  (logic 0.256ns (63.136%)  route 0.149ns (36.864%))
  Logic Levels:           3  (CARRY4=1 FDCE=1 LUT6=1)

    Location             Delay type                Incr(ns)  Path(ns)    Netlist Resource(s)
  -------------------------------------------------------------------    -------------------
    SLICE_X86Y73         FDCE                         0.000     0.000 r  uart/rx_clk_div_counter_reg[10]/C
    SLICE_X86Y73         FDCE (Prop_fdce_C_Q)         0.141     0.141 f  uart/rx_clk_div_counter_reg[10]/Q
                         net (fo=14, routed)          0.149     0.290    uart/rx_clk_div_counter_reg[10]
    SLICE_X86Y74         LUT6 (Prop_lut6_I4_O)        0.045     0.335 r  uart/rx_clk_div_counter[12]_i_2/O
                         net (fo=1, routed)           0.000     0.335    uart/rx_clk_div_counter[12]_i_2_n_0
    SLICE_X86Y74         CARRY4 (Prop_carry4_S[0]_O[0])
                                                      0.070     0.405 r  uart/rx_clk_div_counter_reg[12]_i_1/O[0]
                         net (fo=1, routed)           0.000     0.405    uart/rx_clk_div_counter_reg[12]_i_1_n_7
    SLICE_X86Y74         FDCE                                         r  uart/rx_clk_div_counter_reg[12]/D
  -------------------------------------------------------------------    -------------------





